<?xml version="1.0" encoding="UTF-8"?>
<!-- Generated by org.testng.reporters.JUnitXMLReporter -->
<testsuite hostname="DESKTOP-6TCML79" ignored="0" name="Default test" tests="6" failures="0" timestamp="04 Aug 2021 11:33:22 GMT" time="3.576" errors="0">
  <testcase name="coursecount" time="2.891" classname="API_testing.json_parsing"/>
  <testcase name="purchaseamount" time="0.021" classname="API_testing.json_parsing"/>
  <testcase name="firsttitle" time="0.061" classname="API_testing.json_parsing"/>
  <testcase name="allcourse_tile" time="0.2" classname="API_testing.json_parsing"/>
  <testcase name="RPA_copies" time="0.1" classname="API_testing.json_parsing"/>
  <testcase name="sumvalidation" time="0.192" classname="API_testing.json_parsing"/>
</testsuite> <!-- Default test -->
