<?xml version="1.0" encoding="UTF-8"?>
<testng-results skipped="0" failed="0" ignored="0" total="6" passed="6">
  <reporter-output>
  </reporter-output>
  <suite name="Default suite" duration-ms="3576" started-at="2021-08-04T11:33:19Z" finished-at="2021-08-04T11:33:22Z">
    <groups>
    </groups>
    <test name="Default test" duration-ms="3576" started-at="2021-08-04T11:33:19Z" finished-at="2021-08-04T11:33:22Z">
      <class name="API_testing.json_parsing">
        <test-method status="PASS" signature="coursecount()[pri:1, instance:API_testing.json_parsing@feb3fa]" name="coursecount" duration-ms="2891" started-at="2021-08-04T04:33:19Z" finished-at="2021-08-04T04:33:22Z">
          <reporter-output>
          </reporter-output>
        </test-method> <!-- coursecount -->
        <test-method status="PASS" signature="purchaseamount()[pri:2, instance:API_testing.json_parsing@feb3fa]" name="purchaseamount" duration-ms="21" started-at="2021-08-04T04:33:22Z" finished-at="2021-08-04T04:33:22Z">
          <reporter-output>
          </reporter-output>
        </test-method> <!-- purchaseamount -->
        <test-method status="PASS" signature="firsttitle()[pri:3, instance:API_testing.json_parsing@feb3fa]" name="firsttitle" duration-ms="61" started-at="2021-08-04T04:33:22Z" finished-at="2021-08-04T04:33:22Z">
          <reporter-output>
          </reporter-output>
        </test-method> <!-- firsttitle -->
        <test-method status="PASS" signature="allcourse_tile()[pri:4, instance:API_testing.json_parsing@feb3fa]" name="allcourse_tile" duration-ms="200" started-at="2021-08-04T04:33:22Z" finished-at="2021-08-04T04:33:22Z">
          <reporter-output>
          </reporter-output>
        </test-method> <!-- allcourse_tile -->
        <test-method status="PASS" signature="RPA_copies()[pri:5, instance:API_testing.json_parsing@feb3fa]" name="RPA_copies" duration-ms="100" started-at="2021-08-04T04:33:22Z" finished-at="2021-08-04T04:33:22Z">
          <reporter-output>
          </reporter-output>
        </test-method> <!-- RPA_copies -->
        <test-method status="PASS" signature="sumvalidation()[pri:6, instance:API_testing.json_parsing@feb3fa]" name="sumvalidation" duration-ms="192" started-at="2021-08-04T04:33:22Z" finished-at="2021-08-04T04:33:22Z">
          <reporter-output>
          </reporter-output>
        </test-method> <!-- sumvalidation -->
      </class> <!-- API_testing.json_parsing -->
    </test> <!-- Default test -->
  </suite> <!-- Default suite -->
</testng-results>
